<?xml version="1.0" encoding="UTF-8"?>
<!-- Generated by org.testng.reporters.JUnitReportReporter -->
<testsuite skipped="0" hostname="sumi" name="com.comcast.contacttest.CreateContactTest" tests="2" failures="0" timestamp="11 Mar 2021 10:35:57 GMT" time="0.023" errors="0">
  <testcase name="createcontact" time="0.016" classname="com.comcast.contacttest.CreateContactTest"/>
  <testcase name="createcontactwithmobile" time="0.007" classname="com.comcast.contacttest.CreateContactTest"/>
</testsuite> <!-- com.comcast.contacttest.CreateContactTest -->
